Build started 11/3/2014 7:49:04 PM.
     1>Project "C:\Users\piyushk\Desktop\Github\SearchSortAlgo\SearchSort\SearchSort\SearchSort.vcxproj" on node 2 (build target(s)).
     1>InitializeBuildStatus:
         Creating "Debug\SearchSort.unsuccessfulbuild" because "AlwaysCreate" was specified.
       ClCompile:
         All outputs are up-to-date.
         C:\Program Files (x86)\Microsoft Visual Studio 10.0\VC\bin\CL.exe /c /ZI /nologo /W3 /WX- /Od /Oy- /D WIN32 /D _DEBUG /D _CONSOLE /D _UNICODE /D UNICODE /Gm /EHsc /RTC1 /MDd /GS /fp:precise /Zc:wchar_t /Zc:forScope /Yu"StdAfx.h" /Fp"Debug\SearchSort.pch" /Fo"Debug\\" /Fd"Debug\vc100.pdb" /Gd /TP /analyze- /errorReport:prompt insertionSort.cpp
         insertionSort.cpp
       Link:
         C:\Program Files (x86)\Microsoft Visual Studio 10.0\VC\bin\link.exe /ERRORREPORT:PROMPT /OUT:"C:\Users\piyushk\Desktop\Github\SearchSortAlgo\SearchSort\Debug\SearchSort.exe" /INCREMENTAL:NO /NOLOGO kernel32.lib user32.lib gdi32.lib winspool.lib comdlg32.lib advapi32.lib shell32.lib ole32.lib oleaut32.lib uuid.lib odbc32.lib odbccp32.lib /MANIFEST /ManifestFile:"Debug\SearchSort.exe.intermediate.manifest" /MANIFESTUAC:"level='asInvoker' uiAccess='false'" /DEBUG /PDB:"C:\Users\piyushk\Desktop\Github\SearchSortAlgo\SearchSort\Debug\SearchSort.pdb" /SUBSYSTEM:CONSOLE /TLBID:1 /DYNAMICBASE /NXCOMPAT /IMPLIB:"C:\Users\piyushk\Desktop\Github\SearchSortAlgo\SearchSort\Debug\SearchSort.lib" /MACHINE:X86 Debug\binarySearch.obj
         Debug\bubbleSort.obj
         Debug\insertionSort.obj
         Debug\SearchSort.obj
         Debug\searchsort_accessories.obj
         Debug\selectionSort.obj
         Debug\stdafx.obj
     1>binarySearch.obj : warning LNK4075: ignoring '/EDITANDCONTINUE' due to '/INCREMENTAL:NO' specification
         SearchSort.vcxproj -> C:\Users\piyushk\Desktop\Github\SearchSortAlgo\SearchSort\Debug\SearchSort.exe
       Manifest:
         C:\Program Files (x86)\Microsoft SDKs\Windows\v7.0A\bin\mt.exe /nologo /verbose /outputresource:"C:\Users\piyushk\Desktop\Github\SearchSortAlgo\SearchSort\Debug\SearchSort.exe;#1" /manifest Debug\SearchSort.exe.intermediate.manifest
       FinalizeBuildStatus:
         Deleting file "Debug\SearchSort.unsuccessfulbuild".
         Touching "Debug\SearchSort.lastbuildstate".
     1>Done Building Project "C:\Users\piyushk\Desktop\Github\SearchSortAlgo\SearchSort\SearchSort\SearchSort.vcxproj" (build target(s)).

Build succeeded.

Time Elapsed 00:00:04.79
